<?xml version="1.0" encoding="UTF-8"?>
<testsuite xmlns:xsi="http://www.w3.org/2001/XMLSchema-instance" xsi:noNamespaceSchemaLocation="https://maven.apache.org/surefire/maven-surefire-plugin/xsd/surefire-test-report.xsd" name="runner.Testrunner" time="65.779" tests="28" errors="4" skipped="0" failures="0">
  <properties>
[...]
</properties>
  <testcase name="Given User is on the website home page" classname="Scenario: Go to the login page to perform the log in process" time="0.006"/>
  <testcase name="When User clicks on the log in button" classname="Scenario: Go to the login page to perform the log in process" time="0.009"/>
  <testcase name="Then Website redirects user to the log in page" classname="Scenario: Go to the login page to perform the log in process" time="0.006"/>
  <testcase name="Scenario: Go to the login page to perform the log in process" classname="Scenario: Go to the login page to perform the log in process" time="1.581"/>
  <testcase name="Given User is on the website login page" classname="|  |  | Name is a required field. | Password is a required field. |" time="0.002"/>
  <testcase name="When User enters his username at username box &quot;&quot;" classname="|  |  | Name is a required field. | Password is a required field. |" time="0.003"/>
  <testcase name="And User enters his &quot;&quot; at password box" classname="|  |  | Name is a required field. | Password is a required field. |" time="0.004"/>
  <testcase name="And User clicks on the log in button at login page" classname="|  |  | Name is a required field. | Password is a required field. |" time="0.002"/>
  <testcase name="Then Website shows &quot;Name is a required field.&quot; and &quot;Password is a required field.&quot;" classname="|  |  | Name is a required field. | Password is a required field. |" time="0.002"/>
  <testcase name="|  |  | Name is a required field. | Password is a required field. |" classname="|  |  | Name is a required field. | Password is a required field. |" time="1.111"/>
  <testcase name="Given User is on the website login page" classname="| pe | Password15! | Name is a required field. |  |" time="0.003"/>
  <testcase name="When User enters his username at username box &quot;pe&quot;" classname="| pe | Password15! | Name is a required field. |  |" time="0.004"/>
  <testcase name="And User enters his &quot;Password15!&quot; at password box" classname="| pe | Password15! | Name is a required field. |  |" time="0.003"/>
  <testcase name="And User clicks on the log in button at login page" classname="| pe | Password15! | Name is a required field. |  |" time="0.002"/>
  <testcase name="Then Website shows &quot;Name is a required field.&quot; and &quot;&quot;" classname="| pe | Password15! | Name is a required field. |  |" time="0.011"/>
  <testcase name="| pe | Password15! | Name is a required field. |  |" classname="| pe | Password15! | Name is a required field. |  |" time="1.24"/>
  <testcase name="Given User is on the website login page" classname="| pep pon | Password15! | Name is a required field. |  |" time="0.003"/>
  <testcase name="When User enters his username at username box &quot;pep pon&quot;" classname="| pep pon | Password15! | Name is a required field. |  |" time="0.003"/>
  <testcase name="And User enters his &quot;Password15!&quot; at password box" classname="| pep pon | Password15! | Name is a required field. |  |" time="0.002"/>
  <testcase name="And User clicks on the log in button at login page" classname="| pep pon | Password15! | Name is a required field. |  |" time="0.002"/>
  <testcase name="Then Website shows &quot;Name is a required field.&quot; and &quot;&quot;" classname="| pep pon | Password15! | Name is a required field. |  |" time="0.01">
    <error message="No se pudo encontrar el elemento By.xpath: /html/body/div/div/section[3]/div/div[2]/div/form/div[1]/span[3]" type="java.lang.Exception">java.lang.Exception: No se pudo encontrar el elemento By.xpath: /html/body/div/div/section[3]/div/div[2]/div/form/div[1]/span[3]
</error>
  </testcase>
  <testcase name="| pep pon | Password15! | Name is a required field. |  |" classname="| pep pon | Password15! | Name is a required field. |  |" time="0.016">
    <error message="No se pudo encontrar el elemento By.xpath: /html/body/div/div/section[3]/div/div[2]/div/form/div[1]/span[3]" type="java.lang.Exception">java.lang.Exception: No se pudo encontrar el elemento By.xpath: /html/body/div/div/section[3]/div/div[2]/div/form/div[1]/span[3]
</error>
  </testcase>
  <testcase name="Given User is on the website login page" classname="| pep456789 | Password15! | Name is a required field. |  |" time="0.003"/>
  <testcase name="When User enters his username at username box &quot;pep456789&quot;" classname="| pep456789 | Password15! | Name is a required field. |  |" time="0.002"/>
  <testcase name="And User enters his &quot;Password15!&quot; at password box" classname="| pep456789 | Password15! | Name is a required field. |  |" time="0.003"/>
  <testcase name="And User clicks on the log in button at login page" classname="| pep456789 | Password15! | Name is a required field. |  |" time="0.002"/>
  <testcase name="Then Website shows &quot;Name is a required field.&quot; and &quot;&quot;" classname="| pep456789 | Password15! | Name is a required field. |  |" time="0.003">
    <error message="No se pudo encontrar el elemento By.xpath: /html/body/div/div/section[3]/div/div[2]/div/form/div[1]/span[3]" type="java.lang.Exception">java.lang.Exception: No se pudo encontrar el elemento By.xpath: /html/body/div/div/section[3]/div/div[2]/div/form/div[1]/span[3]
</error>
  </testcase>
  <testcase name="| pep456789 | Password15! | Name is a required field. |  |" classname="| pep456789 | Password15! | Name is a required field. |  |" time="0.009">
    <error message="No se pudo encontrar el elemento By.xpath: /html/body/div/div/section[3]/div/div[2]/div/form/div[1]/span[3]" type="java.lang.Exception">java.lang.Exception: No se pudo encontrar el elemento By.xpath: /html/body/div/div/section[3]/div/div[2]/div/form/div[1]/span[3]
</error>
  </testcase>
</testsuite>